<?xml version="1.0" encoding="UTF-8"?>
<!-- Generated by org.testng.reporters.JUnitReportReporter -->
<testsuite skipped="0" hostname="DESKTOP-OKSIFI8" name="com.class9.test" tests="1" failures="0" timestamp="28 May 2019 22:25:11 GMT" time="0.022" errors="0">
  <testcase name="helloWorld" time="0.022" classname="com.class9.test"/>
</testsuite> <!-- com.class9.test -->
