<?xml version="1.0" encoding="UTF-8"?>
<!-- Generated by org.testng.reporters.JUnitReportReporter -->
<testsuite skipped="0" hostname="DESKTOP-OKSIFI8" name="com.class12.FlightDepatureTeacherModel" tests="1" failures="0" timestamp="03 Jun 2019 13:23:00 GMT" time="22.051" errors="0">
  <testcase name="searchFlight" time="22.051" classname="com.class12.FlightDepatureTeacherModel"/>
</testsuite> <!-- com.class12.FlightDepatureTeacherModel -->
