<?xml version="1.0" encoding="UTF-8"?>
<!-- Generated by org.testng.reporters.JUnitReportReporter -->
<testsuite skipped="0" hostname="DESKTOP-OKSIFI8" name="com.class12.BrokenLinks" tests="1" failures="0" timestamp="02 Jun 2019 17:02:01 GMT" time="11.027" errors="0">
  <testcase name="brokenLinksVerification" time="11.027" classname="com.class12.BrokenLinks"/>
</testsuite> <!-- com.class12.BrokenLinks -->
