<?xml version="1.0" encoding="UTF-8"?>
<!-- Generated by org.testng.reporters.JUnitReportReporter -->
<testsuite skipped="0" hostname="DESKTOP-OKSIFI8" name="com.class12.BrokenLinkDemoTeacherModel" tests="1" failures="0" timestamp="02 Jun 2019 16:58:54 GMT" time="13.260" errors="0">
  <testcase name="brokenLinksVerification" time="13.260" classname="com.class12.BrokenLinkDemoTeacherModel"/>
</testsuite> <!-- com.class12.BrokenLinkDemoTeacherModel -->
